build/app/intermediates/manifest_merge_blame_file/release/manifest-merger-blame-release-report.txt
1<?xml version="1.0" encoding="utf-8"?>
2<manifest xmlns:android="http://schemas.android.com/apk/res/android"
3    package="com.example.alis"
4    android:versionCode="4001"
5    android:versionName="1.0.0" >
6
7    <uses-sdk
8        android:minSdkVersion="16"
8-->src\main\AndroidManifest.xml
9        android:targetSdkVersion="31" />
9-->src\main\AndroidManifest.xml
10
11    <uses-permission android:name="android.permission.FOREGROUND_SERVICE" />
11-->[:geolocator_android] AndroidManifest.xml:9:5-77
11-->[:geolocator_android] AndroidManifest.xml:9:22-74
12    <uses-permission android:name="android.permission.READ_EXTERNAL_STORAGE" />
12-->[:photo_manager] AndroidManifest.xml:9:5-80
12-->[:photo_manager] AndroidManifest.xml:9:22-77
13    <uses-permission android:name="android.permission.ACCESS_COARSE_LOCATION" />
13-->[:location] AndroidManifest.xml:9:5-81
13-->[:location] AndroidManifest.xml:9:22-78
14    <uses-permission android:name="android.permission.ACCESS_FINE_LOCATION" />
14-->[:location] AndroidManifest.xml:10:5-79
14-->[:location] AndroidManifest.xml:10:22-76
15    <uses-permission android:name="android.permission.ACCESS_NETWORK_STATE" />
15-->[com.google.android.exoplayer:exoplayer-core:2.18.0] AndroidManifest.xml:24:5-79
15-->[com.google.android.exoplayer:exoplayer-core:2.18.0] AndroidManifest.xml:24:22-76
16
17    <application
18        android:name="android.app.Application"
18-->src\main\AndroidManifest.xml:5:9-42
19        android:appComponentFactory="androidx.core.app.CoreComponentFactory"
19-->[androidx.core:core:1.7.0] AndroidManifest.xml:24:18-86
20        android:icon="@mipmap/ic_launcher"
20-->src\main\AndroidManifest.xml:6:9-43
21        android:label="alis" >
21-->src\main\AndroidManifest.xml:4:9-29
22        <activity
22-->src\main\AndroidManifest.xml:7:9-27:20
23            android:name="com.example.alis.MainActivity"
23-->src\main\AndroidManifest.xml:8:13-41
24            android:configChanges="orientation|keyboardHidden|keyboard|screenSize|smallestScreenSize|locale|layoutDirection|fontScale|screenLayout|density|uiMode"
24-->src\main\AndroidManifest.xml:12:13-163
25            android:exported="true"
25-->src\main\AndroidManifest.xml:9:13-36
26            android:hardwareAccelerated="true"
26-->src\main\AndroidManifest.xml:13:13-47
27            android:launchMode="singleTop"
27-->src\main\AndroidManifest.xml:10:13-43
28            android:theme="@style/LaunchTheme"
28-->src\main\AndroidManifest.xml:11:13-47
29            android:windowSoftInputMode="adjustResize" >
29-->src\main\AndroidManifest.xml:14:13-55
30
31            <!--
32                 Specifies an Android theme to apply to this Activity as soon as
33                 the Android process has started. This theme is visible to the user
34                 while the Flutter UI initializes. After that, this theme continues
35                 to determine the Window background behind the Flutter UI.
36            -->
37            <meta-data
37-->src\main\AndroidManifest.xml:19:13-22:17
38                android:name="io.flutter.embedding.android.NormalTheme"
38-->src\main\AndroidManifest.xml:20:15-70
39                android:resource="@style/NormalTheme" />
39-->src\main\AndroidManifest.xml:21:15-52
40
41            <intent-filter>
41-->src\main\AndroidManifest.xml:23:13-26:29
42                <action android:name="android.intent.action.MAIN" />
42-->src\main\AndroidManifest.xml:24:17-68
42-->src\main\AndroidManifest.xml:24:25-66
43
44                <category android:name="android.intent.category.LAUNCHER" />
44-->src\main\AndroidManifest.xml:25:17-76
44-->src\main\AndroidManifest.xml:25:27-74
45            </intent-filter>
46        </activity>
47        <!--
48             Don't delete the meta-data below.
49             This is used by the Flutter tool to generate GeneratedPluginRegistrant.java
50        -->
51        <meta-data
51-->src\main\AndroidManifest.xml:30:9-32:33
52            android:name="flutterEmbedding"
52-->src\main\AndroidManifest.xml:31:13-44
53            android:value="2" />
53-->src\main\AndroidManifest.xml:32:13-30
54
55        <service
55-->[:geolocator_android] AndroidManifest.xml:12:9-16:56
56            android:name="com.baseflow.geolocator.GeolocatorLocationService"
56-->[:geolocator_android] AndroidManifest.xml:13:13-77
57            android:enabled="true"
57-->[:geolocator_android] AndroidManifest.xml:14:13-35
58            android:exported="false"
58-->[:geolocator_android] AndroidManifest.xml:15:13-37
59            android:foregroundServiceType="location" />
59-->[:geolocator_android] AndroidManifest.xml:16:13-53
60
61        <provider
61-->[:share_plus] AndroidManifest.xml:10:9-18:20
62            android:name="dev.fluttercommunity.plus.share.ShareFileProvider"
62-->[:share_plus] AndroidManifest.xml:11:13-77
63            android:authorities="com.example.alis.flutter.share_provider"
63-->[:share_plus] AndroidManifest.xml:12:13-74
64            android:exported="false"
64-->[:share_plus] AndroidManifest.xml:13:13-37
65            android:grantUriPermissions="true" >
65-->[:share_plus] AndroidManifest.xml:14:13-47
66            <meta-data
66-->[:share_plus] AndroidManifest.xml:15:13-17:68
67                android:name="android.support.FILE_PROVIDER_PATHS"
67-->[:share_plus] AndroidManifest.xml:16:17-67
68                android:resource="@xml/flutter_share_file_paths" />
68-->[:share_plus] AndroidManifest.xml:17:17-65
69        </provider>
70
71        <activity
71-->[:url_launcher_android] AndroidManifest.xml:10:9-13:74
72            android:name="io.flutter.plugins.urllauncher.WebViewActivity"
72-->[:url_launcher_android] AndroidManifest.xml:11:13-74
73            android:exported="false"
73-->[:url_launcher_android] AndroidManifest.xml:12:13-37
74            android:theme="@android:style/Theme.NoTitleBar.Fullscreen" />
74-->[:url_launcher_android] AndroidManifest.xml:13:13-71
75
76        <service
76-->[:location] AndroidManifest.xml:13:9-17:56
77            android:name="com.lyokone.location.FlutterLocationService"
77-->[:location] AndroidManifest.xml:14:13-71
78            android:enabled="true"
78-->[:location] AndroidManifest.xml:15:13-35
79            android:exported="false"
79-->[:location] AndroidManifest.xml:16:13-37
80            android:foregroundServiceType="location" />
80-->[:location] AndroidManifest.xml:17:13-53
81
82        <uses-library
82-->[androidx.window:window:1.0.0-beta04] AndroidManifest.xml:25:9-27:40
83            android:name="androidx.window.extensions"
83-->[androidx.window:window:1.0.0-beta04] AndroidManifest.xml:26:13-54
84            android:required="false" />
84-->[androidx.window:window:1.0.0-beta04] AndroidManifest.xml:27:13-37
85        <uses-library
85-->[androidx.window:window:1.0.0-beta04] AndroidManifest.xml:28:9-30:40
86            android:name="androidx.window.sidecar"
86-->[androidx.window:window:1.0.0-beta04] AndroidManifest.xml:29:13-51
87            android:required="false" />
87-->[androidx.window:window:1.0.0-beta04] AndroidManifest.xml:30:13-37
88
89        <activity
89-->[com.google.android.gms:play-services-base:17.0.0] AndroidManifest.xml:23:9-26:75
90            android:name="com.google.android.gms.common.api.GoogleApiActivity"
90-->[com.google.android.gms:play-services-base:17.0.0] AndroidManifest.xml:24:13-79
91            android:exported="false"
91-->[com.google.android.gms:play-services-base:17.0.0] AndroidManifest.xml:25:13-37
92            android:theme="@android:style/Theme.Translucent.NoTitleBar" />
92-->[com.google.android.gms:play-services-base:17.0.0] AndroidManifest.xml:26:13-72
93
94        <meta-data
94-->[com.google.android.gms:play-services-basement:17.0.0] AndroidManifest.xml:23:9-25:69
95            android:name="com.google.android.gms.version"
95-->[com.google.android.gms:play-services-basement:17.0.0] AndroidManifest.xml:24:13-58
96            android:value="@integer/google_play_services_version" />
96-->[com.google.android.gms:play-services-basement:17.0.0] AndroidManifest.xml:25:13-66
97    </application>
98
99</manifest>